TN:
SF:C:\Projects\todolist\src\App.vue
FNF:0
FNH:0
DA:11,0
DA:12,0
DA:13,0
DA:14,0
DA:16,0
LF:5
LH:0
BRF:0
BRH:0
end_of_record
TN:
SF:C:\Projects\todolist\src\main.ts
FNF:0
FNH:0
DA:1,0
DA:2,0
DA:3,0
DA:5,0
LF:4
LH:0
BRF:0
BRH:0
end_of_record
TN:
SF:C:\Projects\todolist\src\components\AddingForm.vue
FN:18,(anonymous_0)
FN:24,(anonymous_1)
FNF:2
FNH:2
FNDA:1,(anonymous_0)
FNDA:1,(anonymous_1)
DA:14,1
DA:16,1
DA:19,1
DA:25,1
DA:26,1
DA:28,0
LF:6
LH:5
BRDA:25,0,0,1
BRDA:25,0,1,0
BRDA:25,1,0,1
BRDA:25,1,1,1
BRF:4
BRH:3
end_of_record
TN:
SF:C:\Projects\todolist\src\components\Filter.vue
FN:27,(anonymous_0)
FN:28,(anonymous_1)
FN:31,(anonymous_2)
FN:36,(anonymous_3)
FN:42,(anonymous_4)
FNF:5
FNH:0
FNDA:0,(anonymous_0)
FNDA:0,(anonymous_1)
FNDA:0,(anonymous_2)
FNDA:0,(anonymous_3)
FNDA:0,(anonymous_4)
DA:21,0
DA:22,0
DA:24,0
DA:27,0
DA:29,0
DA:32,0
DA:37,0
DA:43,0
LF:8
LH:0
BRF:0
BRH:0
end_of_record
TN:
SF:C:\Projects\todolist\src\components\Item.vue
FN:31,(anonymous_0)
FN:44,(anonymous_1)
FN:47,(anonymous_2)
FN:50,(anonymous_3)
FN:56,(anonymous_4)
FNF:5
FNH:1
FNDA:2,(anonymous_0)
FNDA:0,(anonymous_1)
FNDA:0,(anonymous_2)
FNDA:0,(anonymous_3)
FNDA:0,(anonymous_4)
DA:27,2
DA:29,2
DA:32,2
DA:45,0
DA:48,0
DA:51,0
DA:57,0
DA:58,0
LF:8
LH:3
BRF:0
BRH:0
end_of_record
TN:
SF:C:\Projects\todolist\src\components\ItemsCounter.vue
FN:11,(anonymous_0)
FNF:1
FNH:0
FNDA:0,(anonymous_0)
DA:6,0
DA:8,0
DA:12,0
LF:3
LH:0
BRF:0
BRH:0
end_of_record
TN:
SF:C:\Projects\todolist\src\components\List.vue
FN:17,(anonymous_0)
FNF:1
FNH:0
FNDA:0,(anonymous_0)
DA:10,1
DA:11,1
DA:13,1
DA:18,0
LF:4
LH:3
BRF:0
BRH:0
end_of_record
TN:
SF:C:\Projects\todolist\src\store\store.ts
FN:3,(anonymous_0)
FN:28,(anonymous_1)
FN:36,(anonymous_2)
FN:37,(anonymous_3)
FN:39,(anonymous_4)
FN:41,(anonymous_5)
FN:49,(anonymous_6)
FN:53,(anonymous_7)
FN:60,(anonymous_8)
FN:63,(anonymous_9)
FN:69,(anonymous_10)
FN:71,(anonymous_11)
FN:74,(anonymous_12)
FN:78,(anonymous_13)
FN:81,(anonymous_14)
FN:85,(anonymous_15)
FN:89,(anonymous_16)
FN:90,(anonymous_17)
FN:94,(anonymous_18)
FNF:19
FNH:17
FNDA:2,(anonymous_0)
FNDA:4,(anonymous_1)
FNDA:1,(anonymous_2)
FNDA:1,(anonymous_3)
FNDA:1,(anonymous_4)
FNDA:1,(anonymous_5)
FNDA:1,(anonymous_6)
FNDA:1,(anonymous_7)
FNDA:0,(anonymous_8)
FNDA:0,(anonymous_9)
FNDA:5,(anonymous_10)
FNDA:6,(anonymous_11)
FNDA:6,(anonymous_12)
FNDA:3,(anonymous_13)
FNDA:4,(anonymous_14)
FNDA:9,(anonymous_15)
FNDA:2,(anonymous_16)
FNDA:3,(anonymous_17)
FNDA:1,(anonymous_18)
DA:1,2
DA:3,2
DA:4,2
DA:5,2
DA:6,2
DA:21,2
DA:27,2
DA:29,4
DA:34,4
DA:37,1
DA:40,1
DA:42,1
DA:43,1
DA:45,0
DA:53,1
DA:54,1
DA:55,1
DA:57,0
DA:61,0
DA:64,0
DA:68,2
DA:70,5
DA:71,6
DA:73,3
DA:74,6
DA:76,1
DA:79,3
DA:82,4
DA:83,1
DA:85,3
DA:86,9
DA:90,2
DA:91,3
DA:95,1
DA:99,2
DA:105,2
LF:36
LH:32
BRDA:3,0,0,2
BRDA:3,0,1,2
BRDA:42,1,0,1
BRDA:42,1,1,0
BRDA:54,2,0,1
BRDA:54,2,1,0
BRDA:70,3,0,2
BRDA:70,3,1,3
BRDA:73,4,0,2
BRDA:73,4,1,1
BRDA:82,5,0,1
BRDA:82,5,1,3
BRF:12
BRH:10
end_of_record
