TN:
SF:C:\Projects\todolist\src\App.vue
FNF:0
FNH:0
DA:10,0
DA:11,0
DA:12,0
DA:14,0
LF:4
LH:0
BRF:0
BRH:0
end_of_record
TN:
SF:C:\Projects\todolist\src\components\AddingForm.vue
FN:18,(anonymous_0)
FN:24,(anonymous_1)
FNF:2
FNH:2
FNDA:1,(anonymous_0)
FNDA:1,(anonymous_1)
DA:14,1
DA:16,1
DA:19,1
DA:25,1
DA:26,1
DA:28,0
LF:6
LH:5
BRDA:25,0,0,1
BRDA:25,0,1,0
BRDA:25,1,0,1
BRDA:25,1,1,1
BRF:4
BRH:3
end_of_record
TN:
SF:C:\Projects\todolist\src\components\Filter.vue
FN:27,(anonymous_0)
FN:28,(anonymous_1)
FN:31,(anonymous_2)
FN:36,(anonymous_3)
FN:42,(anonymous_4)
FNF:5
FNH:0
FNDA:0,(anonymous_0)
FNDA:0,(anonymous_1)
FNDA:0,(anonymous_2)
FNDA:0,(anonymous_3)
FNDA:0,(anonymous_4)
DA:21,0
DA:22,0
DA:24,0
DA:27,0
DA:29,0
DA:32,0
DA:37,0
DA:43,0
LF:8
LH:0
BRF:0
BRH:0
end_of_record
TN:
SF:C:\Projects\todolist\src\components\Item.vue
FN:31,(anonymous_0)
FN:44,(anonymous_1)
FN:47,(anonymous_2)
FN:50,(anonymous_3)
FN:56,(anonymous_4)
FNF:5
FNH:1
FNDA:2,(anonymous_0)
FNDA:0,(anonymous_1)
FNDA:0,(anonymous_2)
FNDA:0,(anonymous_3)
FNDA:0,(anonymous_4)
DA:27,2
DA:29,2
DA:32,2
DA:45,0
DA:48,0
DA:51,0
DA:57,0
DA:58,0
LF:8
LH:3
BRF:0
BRH:0
end_of_record
TN:
SF:C:\Projects\todolist\src\components\ItemsCounter.vue
FN:11,(anonymous_0)
FNF:1
FNH:0
FNDA:0,(anonymous_0)
DA:6,0
DA:8,0
DA:12,0
LF:3
LH:0
BRF:0
BRH:0
end_of_record
TN:
SF:C:\Projects\todolist\src\components\List.vue
FN:17,(anonymous_0)
FNF:1
FNH:0
FNDA:0,(anonymous_0)
DA:10,1
DA:11,1
DA:13,1
DA:18,0
LF:4
LH:3
BRF:0
BRH:0
end_of_record
